2021-08-31T14:48:26.641579+08:00 - a
2021-08-31T14:48:27.496213+08:00 - b
2021-08-31T14:48:27.736500+08:00 - c
2021-08-31T14:48:37.454418+08:00 - 中
2021-08-31T14:48:45.134334+08:00 - 中
2021-08-31T14:48:45.134583+08:00 - 国
2021-08-31T14:49:07.377702+08:00 - 君
2021-08-31T14:49:07.377959+08:00 - 不
2021-08-31T14:49:07.378156+08:00 - 见
2021-08-31T15:23:26.848313+08:00 - a
2021-08-31T15:23:27.118813+08:00 - b
2021-08-31T15:23:27.388767+08:00 - c
2021-08-31T15:23:27.628641+08:00 - d
2021-08-31T15:23:29.728837+08:00 - 中
2021-08-31T15:23:29.729142+08:00 - 国
2021-08-31T15:23:33.133775+08:00 - 好
2021-08-31T15:23:37.932850+08:00 - 声
2021-08-31T15:23:37.933127+08:00 - 音
2021-08-31T15:45:48.647715+08:00 - a
2021-08-31T15:45:48.947726+08:00 - b
2021-08-31T15:45:49.232027+08:00 - c
2021-08-31T15:45:51.198725+08:00 - 中
2021-08-31T15:45:51.198995+08:00 - 国
2021-08-31T15:45:53.582924+08:00 - 人
2021-08-31T15:45:53.583180+08:00 - 名
2021-08-31T15:45:58.457646+08:00 - 共
2021-08-31T15:45:58.457912+08:00 - 和
2021-08-31T15:45:58.458125+08:00 - 国
2021-08-31T15:51:29.153865+08:00 - c
2021-08-31T15:51:29.348433+08:00 - c
2021-08-31T15:51:36.250884+08:00 - a
2021-08-31T15:51:36.459887+08:00 - b
2021-08-31T15:51:36.759860+08:00 - c
2021-08-31T15:51:38.469685+08:00 - 中
2021-08-31T15:51:40.300476+08:00 - 国
2021-08-31T15:51:44.605578+08:00 - 华
2021-08-31T15:51:44.605932+08:00 - 民
2021-08-31T15:52:01.299322+08:00 - 中
2021-08-31T15:52:03.956639+08:00 - 人
2021-08-31T16:07:46.084449+08:00 - a
2021-08-31T16:07:46.488201+08:00 - b
2021-08-31T16:07:46.788664+08:00 - c
2021-08-31T16:07:47.194783+08:00 - d
2021-08-31T16:07:48.981383+08:00 - 中
2021-08-31T16:07:59.208185+08:00 - 中
2021-08-31T16:08:03.588928+08:00 - 中
2021-08-31T16:08:07.669737+08:00 - 中
2021-08-31T17:08:55.101441+08:00 - 中
2021-08-31T17:09:16.251791+08:00 - a
2021-08-31T17:10:48.714285+08:00 - a
2021-08-31T17:14:09.898721+08:00 - a
2021-08-31T17:16:37.095887+08:00 - a
2021-08-31T17:16:37.861711+08:00 - b
2021-08-31T17:16:38.206468+08:00 - c
2021-08-31T17:16:40.233057+08:00 - 中
2021-08-31T17:16:46.785859+08:00 - 国
2021-08-31T18:00:26.392085+08:00 - a
2021-08-31T18:00:28.688468+08:00 - b
2021-08-31T18:00:29.288974+08:00 - c
2021-08-31T18:00:29.753179+08:00 - d
2021-08-31T18:00:30.158185+08:00 - e
2021-08-31T18:00:30.668102+08:00 - f
2021-08-31T18:00:31.102310+08:00 - g
2021-08-31T18:00:32.497300+08:00 - h
2021-08-31T18:00:32.904211+08:00 - i
2021-08-31T18:00:33.308493+08:00 - h
2021-08-31T18:00:34.013620+08:00 - g
2021-08-31T18:00:34.225554+08:00 - g
2021-08-31T18:00:34.403164+08:00 - g
2021-08-31T18:01:54.836652+08:00 - a
2021-08-31T18:04:16.214203+08:00 - a
2021-08-31T18:04:16.618846+08:00 - b
2021-08-31T18:04:16.946609+08:00 - c
2021-08-31T18:04:18.462686+08:00 - 中
2021-08-31T18:04:21.881837+08:00 - 人
2021-08-31T18:04:33.447640+08:00 - 中
2021-08-31T18:04:33.447898+08:00 - 国
2021-08-31T18:06:27.616889+08:00 - 中
2021-08-31T18:06:29.445959+08:00 - 好
2021-08-31T18:07:06.722745+08:00 - a
2021-08-31T18:07:07.623069+08:00 - b
2021-08-31T18:07:07.906334+08:00 - c
2021-08-31T18:07:08.176751+08:00 - d
2021-08-31T18:07:09.526960+08:00 - z
2021-08-31T18:07:09.616769+08:00 - h
2021-08-31T18:07:09.736442+08:00 - o
2021-08-31T18:07:09.872809+08:00 - n
2021-08-31T18:07:09.917920+08:00 - g
2021-08-31T18:07:10.191075+08:00 - g
2021-08-31T18:07:13.501650+08:00 - 中
2021-08-31T18:24:19.048522+08:00 - 中
2021-08-31T18:24:21.417335+08:00 - 国
2021-08-31T18:24:23.399385+08:00 - 银
2021-08-31T18:24:30.929537+08:00 - 中
2021-08-31T18:24:30.929938+08:00 - 过
2021-08-31T18:24:30.930266+08:00 - 节
2021-08-31T18:25:27.076443+08:00 - 国
2021-08-31T18:25:31.891389+08:00 - 声
2021-09-01T08:22:44.437127+08:00 - a
2021-09-01T08:22:44.720170+08:00 - b
2021-09-01T08:22:45.036414+08:00 - c
2021-09-01T08:22:45.305386+08:00 - d
2021-09-01T08:22:46.912721+08:00 - 中
2021-09-01T08:22:53.242464+08:00 - 中
2021-09-01T08:22:57.921888+08:00 - 打
2021-09-01T08:22:57.922277+08:00 - 吧
2021-09-01T08:25:32.470088+08:00 - a
2021-09-01T08:25:33.969305+08:00 - b
2021-09-01T08:25:35.199631+08:00 - c
2021-09-01T08:25:43.675783+08:00 - z
2021-09-01T08:25:44.184427+08:00 - o
2021-09-01T08:25:46.870529+08:00 - 中
2021-09-01T08:28:15.523237+08:00 - 中
2021-09-01T08:28:20.819410+08:00 - 中
2021-09-01T08:28:20.819789+08:00 - 国
2021-09-01T08:28:20.820118+08:00 - 过
2021-09-01T16:45:05.157800+08:00 - 0
2021-09-01T16:45:15.341483+08:00 - 0
2021-09-01T16:46:39.433784+08:00 - 0
2021-09-01T18:03:40.070731+08:00 - 0
2021-09-01T18:03:52.565872+08:00 - 1
2021-09-01T18:03:52.566164+08:00 - 2
2021-09-01T18:03:52.566355+08:00 - 3
2021-09-03T09:18:26.116190+08:00 - x_word_index: 6
2021-09-03T09:18:26.447415+08:00 - x_word_index: 5
2021-09-03T09:18:26.669097+08:00 - x_word_index: 4
2021-09-03T09:18:26.835545+08:00 - x_word_index: 3
2021-09-03T09:18:27.029252+08:00 - x_word_index: 2
2021-09-03T09:18:27.227776+08:00 - x_word_index: 1
2021-09-03T09:18:27.628127+08:00 - x_word_index: 0
2021-09-03T09:19:00.419308+08:00 - x_word_index: 6
2021-09-03T09:19:00.722789+08:00 - x_word_index: 5
2021-09-03T09:19:00.899461+08:00 - x_word_index: 4
2021-09-03T09:19:01.142153+08:00 - x_word_index: 3
2021-09-03T09:19:01.333687+08:00 - x_word_index: 2
2021-09-03T09:19:01.517771+08:00 - x_word_index: 1
2021-09-03T09:19:01.694956+08:00 - x_word_index: 0
2021-09-03T09:22:39.887429+08:00 - x_word_index: 2
2021-09-03T09:22:40.130806+08:00 - x_word_index: 1
2021-09-03T09:24:12.903648+08:00 - x_word_index: 5
2021-09-03T09:28:55.147604+08:00 - x_word_index: 5
2021-09-03T09:28:55.600412+08:00 - x_word_index: 4
2021-09-03T09:29:23.108588+08:00 - x_word_index: 0
2021-09-03T09:29:23.861075+08:00 - x_word_index: 6
2021-09-03T09:29:24.188390+08:00 - x_word_index: 5
2021-09-03T09:29:24.431652+08:00 - x_word_index: 4
2021-09-03T09:29:24.624387+08:00 - x_word_index: 3
2021-09-03T09:29:24.821244+08:00 - x_word_index: 2
2021-09-03T09:29:25.238288+08:00 - x_word_index: 1
2021-09-03T09:29:25.452318+08:00 - x_word_index: 0
2021-09-03T09:29:25.643413+08:00 - x_word_index: 8
2021-09-03T09:29:26.245839+08:00 - x_word_index: 7
2021-09-03T09:29:26.453335+08:00 - x_word_index: 6
2021-09-03T09:29:26.636764+08:00 - x_word_index: 5
2021-09-03T09:29:26.813450+08:00 - x_word_index: 4
2021-09-03T09:29:26.981892+08:00 - x_word_index: 3
2021-09-03T09:29:27.158776+08:00 - x_word_index: 2
2021-09-03T09:29:27.341320+08:00 - x_word_index: 1
2021-09-03T09:29:28.403435+08:00 - x_word_index: 0
2021-09-03T09:29:28.615262+08:00 - x_word_index: 15
2021-09-03T09:29:28.836492+08:00 - x_word_index: 14
2021-09-03T09:29:29.035627+08:00 - x_word_index: 13
2021-09-03T09:29:29.243770+08:00 - x_word_index: 12
2021-09-03T09:29:29.425587+08:00 - x_word_index: 11
2021-09-03T09:29:29.633304+08:00 - x_word_index: 10
2021-09-03T09:29:29.801388+08:00 - x_word_index: 9
2021-09-03T09:29:29.963497+08:00 - x_word_index: 8
2021-09-03T09:29:30.176182+08:00 - x_word_index: 7
2021-09-03T09:29:30.351455+08:00 - x_word_index: 6
2021-09-03T09:29:30.521640+08:00 - x_word_index: 5
2021-09-03T09:29:30.713398+08:00 - x_word_index: 4
2021-09-03T09:29:30.897069+08:00 - x_word_index: 3
2021-09-03T09:29:31.058427+08:00 - x_word_index: 2
2021-09-03T09:29:31.240233+08:00 - x_word_index: 1
2021-09-03T09:29:31.417484+08:00 - x_word_index: 0
2021-09-03T09:29:31.601137+08:00 - x_word_index: 15
2021-09-03T09:29:43.942725+08:00 - 0
2021-09-03T09:29:43.943047+08:00 - 0
2021-09-03T09:29:43.943313+08:00 - 0
2021-09-03T09:29:43.946434+08:00 - 0
2021-09-03T09:29:43.946696+08:00 - 0
2021-09-03T09:54:00.705565+08:00 - 0
2021-09-03T09:54:01.950546+08:00 - 4
2021-09-03T09:54:06.435944+08:00 - 0
2021-09-03T09:54:11.879548+08:00 - 0
2021-09-03T09:54:20.595890+08:00 - 0
2021-09-03T09:54:31.999614+08:00 - 2
2021-09-03T09:54:32.804451+08:00 - 3
2021-09-03T09:54:33.181648+08:00 - 4
2021-09-03T09:54:34.231194+08:00 - 5
2021-09-03T09:54:34.456310+08:00 - 6
2021-09-03T09:54:34.725233+08:00 - 7
2021-09-03T09:54:38.581344+08:00 - 0
2021-09-03T09:55:07.741891+08:00 - 0
2021-09-03T09:55:08.671378+08:00 - 1
2021-09-03T09:55:09.017002+08:00 - 2
2021-09-03T09:55:09.766515+08:00 - 3
2021-09-03T09:55:10.005236+08:00 - 4
2021-09-03T09:55:12.406819+08:00 - 0
2021-09-03T09:59:56.128956+08:00 - 0
2021-09-03T09:59:56.189430+08:00 - 1
2021-09-03T09:59:56.197197+08:00 - 2
2021-09-03T09:59:56.278083+08:00 - 3
2021-09-03T09:59:56.474567+08:00 - 4
2021-09-03T09:59:56.579238+08:00 - 5
2021-09-03T09:59:56.593399+08:00 - 6
2021-09-03T09:59:56.683967+08:00 - 7
2021-09-03T09:59:56.832533+08:00 - 8
2021-09-03T09:59:56.862997+08:00 - 9
2021-09-03T09:59:56.895239+08:00 - 10
2021-09-03T10:03:00.647769+08:00 - 0
2021-09-03T10:03:00.648137+08:00 - 2
2021-09-03T10:03:05.237251+08:00 - 6
2021-09-03T10:03:10.533259+08:00 - 7
2021-09-03T10:03:10.533614+08:00 - 8
2021-09-03T10:03:24.452452+08:00 - 3
2021-09-03T10:04:43.144057+08:00 - 0
2021-09-03T10:04:44.523790+08:00 - 1
2021-09-03T10:04:44.659148+08:00 - 2
2021-09-03T10:04:44.795446+08:00 - 3
2021-09-03T10:04:44.915658+08:00 - 4
2021-09-03T10:04:45.033616+08:00 - 5
2021-09-03T10:04:49.878972+08:00 - 1
2021-09-03T10:26:06.065462+08:00 - 2
2021-09-03T10:26:06.214938+08:00 - 3
2021-09-03T10:26:06.364769+08:00 - 4
2021-09-03T10:26:06.468552+08:00 - 5
2021-09-03T10:26:10.698489+08:00 - 1
2021-09-03T10:26:14.120347+08:00 - 3
2021-09-03T10:26:14.120723+08:00 - 4
2021-09-03T10:26:38.345916+08:00 - 3
2021-09-03T10:26:49.341024+08:00 - 4
2021-09-03T10:26:52.220998+08:00 - 6
2021-09-03T10:26:57.035960+08:00 - 6
2021-09-03T10:29:52.014309+08:00 - 3
2021-09-03T10:30:03.879614+08:00 - 0
2021-09-03T10:30:03.879990+08:00 - 2
2021-09-03T10:30:17.290645+08:00 - 3
2021-09-03T10:30:25.270947+08:00 - 5
2021-09-03T10:30:25.271373+08:00 - 6
2021-09-03T10:45:54.136482+08:00 - 0
2021-09-03T10:45:54.137439+08:00 - 2
2021-09-03T10:45:54.137742+08:00 - 3
2021-09-03T10:46:12.332017+08:00 - 0
2021-09-03T10:49:48.261673+08:00 - 0
2021-09-03T10:49:54.845771+08:00 - 0
2021-09-03T10:49:54.846085+08:00 - 0
2021-09-03T10:50:04.701420+08:00 - 0
2021-09-03T10:50:04.701749+08:00 - 2
2021-09-03T10:50:21.682949+08:00 - 0
2021-09-03T10:50:42.547920+08:00 - 0
2021-09-03T10:50:42.548250+08:00 - 2
2021-09-03T11:00:19.957047+08:00 - 3
2021-09-03T11:00:19.957954+08:00 - 5
2021-09-03T11:00:41.190910+08:00 - 1
2021-09-03T11:00:41.191241+08:00 - 3
2021-09-03T11:02:29.219919+08:00 - 0
2021-09-03T11:02:29.220214+08:00 - 2
2021-09-03T11:02:55.304005+08:00 - 2
2021-09-03T11:02:55.485373+08:00 - 3
2021-09-03T11:03:02.220632+08:00 - 2
2021-09-03T11:03:02.221002+08:00 - 4
2021-09-03T11:03:10.350121+08:00 - 2
2021-09-03T11:03:10.350450+08:00 - 4
2021-09-03T11:06:01.714685+08:00 - 3
2021-09-03T11:06:01.715639+08:00 - 4
2021-09-03T11:06:04.519775+08:00 - 5
2021-09-03T11:06:04.520066+08:00 - 6
2021-09-03T11:09:40.014862+08:00 - 0
2021-09-03T11:09:40.015210+08:00 - 1
2021-09-03T11:09:40.015421+08:00 - 2
2021-09-03T11:09:42.595680+08:00 - 3
2021-09-03T11:09:42.923807+08:00 - 4
2021-09-03T11:09:43.073773+08:00 - 5
2021-09-03T11:09:47.140245+08:00 - 4
2021-09-03T11:09:47.140610+08:00 - 5
2021-09-03T11:09:49.870407+08:00 - 6
2021-09-03T11:09:49.870796+08:00 - 7
2021-09-03T11:19:13.986859+08:00 - 0
2021-09-03T11:19:42.591845+08:00 - 0
2021-09-03T11:19:42.805856+08:00 - 0
2021-09-03T11:19:42.967300+08:00 - 0
2021-09-03T11:19:43.119844+08:00 - 0
2021-09-03T11:19:43.431441+08:00 - 0
2021-09-03T11:19:43.571646+08:00 - 0
2021-09-03T11:19:43.701983+08:00 - 0
2021-09-03T11:19:43.976033+08:00 - 0
2021-09-03T11:19:44.151743+08:00 - 0
2021-09-03T11:19:44.319484+08:00 - 0
2021-09-03T11:19:44.497719+08:00 - 0
2021-09-03T11:19:44.651332+08:00 - 0
2021-09-03T11:19:44.826557+08:00 - 0
2021-09-03T11:19:45.220571+08:00 - 0
2021-09-03T11:19:45.426815+08:00 - 0
2021-09-03T11:19:45.626400+08:00 - 0
2021-09-03T11:19:48.337665+08:00 - 0
2021-09-03T11:19:48.521075+08:00 - 0
2021-09-03T11:19:48.697562+08:00 - 0
2021-09-03T11:19:48.866226+08:00 - 0
2021-09-03T11:20:02.347484+08:00 - 0
2021-09-03T11:20:04.732819+08:00 - 0
2021-09-03T11:20:04.991281+08:00 - 0
2021-09-03T11:21:13.315790+08:00 - 0
2021-09-03T11:21:13.678239+08:00 - 0
2021-09-03T11:21:13.869415+08:00 - 0
2021-09-03T11:21:40.929278+08:00 - 2
2021-09-03T11:21:42.850218+08:00 - 2
2021-09-03T11:21:46.225112+08:00 - 4
2021-09-03T11:21:46.468198+08:00 - 3
2021-09-03T11:21:46.660299+08:00 - 2
2021-09-03T11:21:46.811500+08:00 - 1
2021-09-03T11:21:47.019438+08:00 - 0
2021-09-03T11:21:47.158517+08:00 - 0
2021-09-03T11:21:47.350391+08:00 - 0
2021-09-03T11:21:49.855505+08:00 - 5
2021-09-03T11:21:51.730406+08:00 - 5
2021-09-03T11:21:54.564879+08:00 - 5
2021-09-03T11:22:01.854889+08:00 - 6
2021-09-03T11:22:03.055975+08:00 - 6
2021-09-03T11:22:04.330194+08:00 - 6
2021-09-03T11:22:05.409895+08:00 - 6
2021-09-03T11:22:05.760308+08:00 - 5
2021-09-03T11:22:06.257396+08:00 - 4
2021-09-03T11:22:06.340599+08:00 - 3
2021-09-03T11:22:06.423996+08:00 - 2
2021-09-03T11:22:06.507808+08:00 - 1
2021-09-03T11:22:06.591731+08:00 - 0
2021-09-03T11:22:06.675350+08:00 - 0
2021-09-03T11:22:06.758229+08:00 - 0
2021-09-03T11:22:06.842420+08:00 - 0
2021-09-03T11:22:06.924940+08:00 - 0
2021-09-03T11:22:07.008781+08:00 - 0
2021-09-03T11:22:07.092566+08:00 - 0
2021-09-03T11:24:01.647565+08:00 - 0
2021-09-03T11:24:01.861569+08:00 - 0
2021-09-03T11:24:04.049077+08:00 - 2
2021-09-03T11:24:04.711530+08:00 - 1
2021-09-03T11:24:04.888390+08:00 - 0
2021-09-03T11:25:47.701172+08:00 - 2
2021-09-03T11:25:53.355013+08:00 - 4
2021-09-03T11:25:54.870216+08:00 - 4
2021-09-03T11:25:58.606346+08:00 - 3
2021-09-03T11:25:58.848596+08:00 - 2
2021-09-03T11:25:59.040821+08:00 - 1
2021-09-03T11:25:59.223152+08:00 - 0
2021-09-03T11:25:59.417639+08:00 - 0
2021-09-03T11:26:17.551155+08:00 - 0
2021-09-03T11:26:19.081360+08:00 - 0
2021-09-03T11:41:16.015846+08:00 - 0
2021-09-03T11:41:17.335999+08:00 - 0
2021-09-03T11:41:24.386488+08:00 - 0
2021-09-03T11:41:24.629663+08:00 - 0
2021-09-03T11:41:25.751692+08:00 - 0
2021-09-03T11:41:26.025185+08:00 - 0
2021-09-03T11:41:37.841264+08:00 - 0
2021-09-03T11:41:57.477493+08:00 - 0
2021-09-03T11:41:58.888038+08:00 - 0
2021-09-03T11:42:27.538380+08:00 - 0
2021-09-03T11:42:28.707496+08:00 - 0
2021-09-03T11:42:39.104692+08:00 - 0
2021-09-03T11:43:31.154736+08:00 - 0
2021-09-03T11:43:31.382925+08:00 - 0
2021-09-03T11:43:31.543969+08:00 - 0
2021-09-03T11:43:36.134895+08:00 - 0
2021-09-03T11:43:39.149971+08:00 - 0
2021-09-03T11:43:52.364550+08:00 - 3
2021-09-03T11:44:03.389782+08:00 - 4
2021-09-03T11:44:03.617781+08:00 - 3
2021-09-03T11:44:03.795508+08:00 - 2
2021-09-03T11:44:04.098074+08:00 - 1
2021-09-03T11:44:04.289998+08:00 - 0
2021-09-03T11:44:04.503604+08:00 - 0
2021-09-03T11:44:08.611623+08:00 - 0
2021-09-03T11:44:08.685498+08:00 - 1
2021-09-03T11:44:08.687945+08:00 - 2
2021-09-03T11:44:08.806431+08:00 - 3
2021-09-03T11:44:09.616205+08:00 - 0
2021-09-03T11:44:16.636830+08:00 - 0
2021-09-03T11:44:19.635150+08:00 - 0
2021-09-03T11:44:20.880801+08:00 - 0
2021-09-03T11:44:22.006139+08:00 - 0
2021-09-03T11:44:22.980256+08:00 - 0
2021-09-03T11:44:25.305558+08:00 - 0
2021-09-03T11:44:29.415584+08:00 - 0
2021-09-03T11:44:32.821098+08:00 - 0
2021-09-03T11:44:33.795540+08:00 - 0
2021-09-03T11:44:34.936398+08:00 - 0
2021-09-03T11:44:39.301711+08:00 - 0
2021-09-03T11:44:56.190936+08:00 - 2
2021-09-03T11:44:56.674926+08:00 - 1
2021-09-03T11:44:56.926636+08:00 - 0
2021-09-03T11:45:03.617314+08:00 - 5
2021-09-03T11:45:04.952699+08:00 - 4
2021-09-03T11:45:12.167389+08:00 - 5
2021-09-03T11:45:12.410193+08:00 - 4
2021-09-03T11:45:12.617800+08:00 - 3
2021-09-03T11:45:12.799991+08:00 - 2
2021-09-03T11:45:12.962233+08:00 - 1
2021-09-03T11:45:13.130317+08:00 - 0
2021-09-03T11:45:17.522625+08:00 - 0
2021-09-03T11:45:22.817248+08:00 - 4
2021-09-03T11:45:23.090765+08:00 - 3
2021-09-03T11:45:31.682752+08:00 - 5
2021-09-03T11:45:32.346389+08:00 - 4
2021-09-03T11:45:33.018331+08:00 - 3
2021-09-03T11:45:34.131005+08:00 - 2
2021-09-03T11:45:35.688018+08:00 - 1
2021-09-03T11:45:36.275203+08:00 - 0
2021-09-03T11:45:49.247823+08:00 - 0
2021-09-03T11:45:49.308674+08:00 - 1
2021-09-03T11:45:49.311348+08:00 - 2
2021-09-03T11:45:49.458990+08:00 - 3
2021-09-03T11:45:49.624746+08:00 - 4
2021-09-03T11:45:49.627451+08:00 - 5
2021-09-03T11:45:49.637927+08:00 - 6
2021-09-03T11:45:50.794260+08:00 - 0
2021-09-03T11:45:53.853181+08:00 - 0
2021-09-03T11:45:56.073097+08:00 - 0
2021-09-03T11:46:13.563896+08:00 - 8
2021-09-03T11:46:13.564282+08:00 - 9
2021-09-03T11:46:16.264536+08:00 - 10
2021-09-03T11:46:16.264915+08:00 - 11
2021-09-03T11:46:17.419564+08:00 - 12
2021-09-03T11:46:17.419947+08:00 - 13
2021-09-03T11:46:17.420279+08:00 - 14
2021-09-03T11:46:17.420601+08:00 - 15
2021-09-03T11:46:56.570241+08:00 - 8
2021-09-03T11:46:56.783300+08:00 - 7
2021-09-03T11:46:57.019611+08:00 - 6
2021-09-03T11:46:57.171857+08:00 - 5
2021-09-03T11:46:57.364515+08:00 - 4
2021-09-03T11:46:57.577677+08:00 - 3
2021-09-03T11:46:57.754125+08:00 - 2
2021-09-03T11:47:01.400468+08:00 - 1
2021-09-03T11:47:04.354488+08:00 - 3
2021-09-03T11:47:04.354830+08:00 - 4
2021-09-03T11:47:04.355109+08:00 - 5
2021-09-03T11:47:08.074828+08:00 - 0
2021-09-03T11:47:08.075181+08:00 - 1
2021-09-03T11:47:09.184752+08:00 - 0
2021-09-03T11:47:09.458006+08:00 - 0
2021-09-03T11:47:12.740061+08:00 - 0
2021-09-03T11:48:00.231090+08:00 - 5
2021-09-03T11:48:00.397031+08:00 - 4
2021-09-03T11:48:00.621183+08:00 - 3
2021-09-03T11:48:00.744895+08:00 - 2
2021-09-03T11:48:03.770182+08:00 - 1
2021-09-03T11:48:41.667229+08:00 - 2
2021-09-03T11:48:42.149641+08:00 - 1
2021-09-03T11:48:49.782091+08:00 - 2
2021-09-03T11:48:50.324124+08:00 - 1
2021-09-03T11:48:54.071238+08:00 - 1
2021-09-03T11:48:54.538645+08:00 - 0
2021-09-03T11:49:57.687496+08:00 - 1
2021-09-03T11:50:00.059891+08:00 - 0
2021-09-03T11:50:05.337835+08:00 - 1
2021-09-03T11:50:06.645392+08:00 - 0
2021-09-03T11:50:38.654222+08:00 - 3
2021-09-03T11:50:39.556328+08:00 - 2
2021-09-03T11:50:40.213294+08:00 - 1
2021-09-03T11:50:45.238250+08:00 - 2
2021-09-03T11:50:49.947537+08:00 - 2
2021-09-03T11:50:50.624621+08:00 - 1
2021-09-03T11:50:53.473899+08:00 - 0
2021-09-03T11:51:05.774318+08:00 - 0
2021-09-03T11:51:26.893533+08:00 - 1
2021-09-03T11:51:32.849859+08:00 - 1
2021-09-03T11:51:33.632678+08:00 - 0
2021-09-03T11:54:32.839050+08:00 - 3
2021-09-03T11:54:36.963903+08:00 - 3
2021-09-03T11:54:38.344421+08:00 - 3
2021-09-03T11:54:39.453810+08:00 - 3
2021-09-03T11:54:53.388532+08:00 - 3
2021-09-03T11:55:04.564810+08:00 - 3
2021-09-03T11:55:23.975036+08:00 - 3
2021-09-03T11:55:24.907926+08:00 - 2
2021-09-03T12:49:25.933898+08:00 - 0
2021-09-03T12:49:26.007589+08:00 - 1
2021-09-03T12:49:26.129404+08:00 - 2
2021-09-03T12:49:26.233678+08:00 - 3
2021-09-03T12:49:26.413820+08:00 - 4
2021-09-03T12:49:29.848728+08:00 - 4
2021-09-03T12:49:40.603583+08:00 - 4
2021-09-03T12:49:46.498812+08:00 - 5
2021-09-03T12:49:46.981666+08:00 - 4
2021-09-03T13:02:02.658059+08:00 - 0
2021-09-03T13:02:02.747709+08:00 - 1
2021-09-03T13:02:02.821795+08:00 - 2
2021-09-03T13:02:02.927939+08:00 - 3
2021-09-03T13:02:02.940804+08:00 - 4
2021-09-03T13:02:03.782600+08:00 - 0
2021-09-03T13:02:04.775424+08:00 - 0
2021-09-03T13:02:15.257875+08:00 - 1
2021-09-03T13:02:18.182528+08:00 - 0
2021-09-03T13:02:29.956258+08:00 - 1
2021-09-03T13:02:33.331219+08:00 - 1
2021-09-03T13:02:33.559380+08:00 - 0
2021-09-03T13:02:49.757480+08:00 - 1
2021-09-03T13:02:53.987998+08:00 - 1
2021-09-03T13:03:03.543413+08:00 - 5
2021-09-03T13:03:55.416120+08:00 - 5
2021-09-03T13:04:00.785188+08:00 - 4
2021-09-03T13:04:03.844641+08:00 - 0
2021-09-03T13:04:03.844969+08:00 - 1
2021-09-03T13:04:03.845215+08:00 - 2
2021-09-03T13:04:05.195814+08:00 - 3
2021-09-03T13:04:10.580086+08:00 - 0
2021-09-03T13:04:11.944648+08:00 - 0
2021-09-03T13:04:16.910572+08:00 - 1
2021-09-03T13:04:24.305640+08:00 - 3
2021-09-03T13:09:51.856128+08:00 - 3
2021-09-03T13:10:05.970657+08:00 - 3
2021-09-03T13:10:10.126067+08:00 - 3
2021-09-03T13:10:10.772383+08:00 - 2
2021-09-03T13:10:13.035406+08:00 - 3
2021-09-03T13:10:16.276165+08:00 - 3
2021-09-03T13:15:06.115012+08:00 - y: 1
2021-09-03T13:15:06.881465+08:00 - y: 2
2021-09-03T13:15:07.522290+08:00 - y: 3
2021-09-03T13:15:08.560170+08:00 - y: 4
2021-09-03T13:15:17.514379+08:00 - y: 5
2021-09-03T13:22:48.832284+08:00 - y: 0
2021-09-03T13:23:48.744557+08:00 - y: 0
2021-09-03T13:23:56.977728+08:00 - y: 3
2021-09-03T13:23:58.032609+08:00 - y: 3
2021-09-03T13:24:00.819548+08:00 - y: 2
2021-09-03T13:24:01.062870+08:00 - y: 3
2021-09-03T13:24:03.742986+08:00 - y: 2
2021-09-03T13:24:03.972442+08:00 - y: 3
2021-09-03T13:24:04.209160+08:00 - y: 3
2021-09-03T13:24:07.568834+08:00 - y: 4
2021-09-03T13:24:08.620832+08:00 - y: 4
2021-09-03T13:24:09.789514+08:00 - y: 4
2021-09-03T13:24:17.935049+08:00 - y: 4
2021-09-03T13:24:24.354736+08:00 - y: 4
2021-09-03T13:24:24.597573+08:00 - y: 4
2021-09-03T13:24:25.764738+08:00 - y: 4
2021-09-03T13:24:27.040502+08:00 - y: 4
2021-09-03T13:24:27.658121+08:00 - y: 4
2021-09-03T13:24:30.984084+08:00 - y: 4
2021-09-03T13:24:32.604609+08:00 - y: 4
2021-09-03T13:24:34.299490+08:00 - y: 4
2021-09-03T13:24:35.483926+08:00 - y: 4
2021-09-03T13:24:36.459695+08:00 - y: 4
2021-09-03T13:24:37.539631+08:00 - y: 4
2021-09-03T13:24:38.559995+08:00 - y: 4
2021-09-03T13:24:39.519460+08:00 - y: 4
2021-09-03T13:25:52.452087+08:00 - y: 2
2021-09-03T13:25:53.023853+08:00 - y: 2
2021-09-03T13:25:56.741987+08:00 - y: 1
2021-09-03T13:25:58.705990+08:00 - y: 2
2021-09-03T13:26:36.988980+08:00 - y: 6
2021-09-03T13:31:14.628750+08:00 - y: 0
2021-09-03T13:31:18.739103+08:00 - y: 1
2021-09-03T13:31:19.206492+08:00 - y: 1
2021-09-03T13:31:19.353557+08:00 - y: 1
2021-09-03T13:31:22.099705+08:00 - y: 0
2021-09-03T13:31:23.558062+08:00 - y: 0
2021-09-03T13:31:24.333844+08:00 - y: 0
2021-09-03T13:31:24.577425+08:00 - y: 0
2021-09-03T13:31:24.784566+08:00 - y: 0
2021-09-03T13:31:25.478235+08:00 - y: 0
2021-09-03T13:31:25.894832+08:00 - y: 0
2021-09-03T13:31:26.166798+08:00 - y: 0
2021-09-03T13:31:27.229479+08:00 - y: 0
2021-09-03T13:31:27.458538+08:00 - y: 0
2021-09-03T13:31:28.414160+08:00 - y: 1
2021-09-03T13:31:28.881784+08:00 - y: 1
2021-09-03T13:31:29.088167+08:00 - y: 1
2021-09-03T13:31:29.528065+08:00 - y: 1
2021-09-03T13:31:38.090464+08:00 - y: 13
2021-09-03T13:31:38.483499+08:00 - y: 13
2021-09-03T13:31:38.674811+08:00 - y: 13
2021-09-03T13:31:44.194853+08:00 - y: 2
2021-09-03T13:31:44.813212+08:00 - y: 3
2021-09-03T13:31:45.108923+08:00 - y: 4
2021-09-03T13:31:45.293645+08:00 - y: 5
2021-09-03T13:31:45.695215+08:00 - y: 6
2021-09-03T13:31:45.906298+08:00 - y: 7
2021-09-03T13:31:48.200231+08:00 - y: 0
2021-09-03T13:31:48.623523+08:00 - y: 0
2021-09-03T13:31:48.859663+08:00 - y: 0
2021-09-03T13:31:49.073663+08:00 - y: 0
2021-09-03T13:31:49.505076+08:00 - y: 0
2021-09-03T13:31:49.778423+08:00 - y: 0
2021-09-03T13:31:49.985581+08:00 - y: 0
2021-09-03T13:31:51.875046+08:00 - y: 0
2021-09-03T13:31:52.087825+08:00 - y: 0
2021-09-03T13:31:52.280337+08:00 - y: 0
2021-09-03T13:31:52.494194+08:00 - y: 0
2021-09-03T13:31:52.699526+08:00 - y: 0
2021-09-03T13:31:52.913417+08:00 - y: 0
2021-09-03T13:31:53.568454+08:00 - y: 0
2021-09-03T13:31:53.797316+08:00 - y: 0
2021-09-03T13:31:54.094228+08:00 - y: 0
2021-09-03T13:31:54.382511+08:00 - y: 0
2021-09-03T13:32:11.646820+08:00 - 1
2021-09-03T13:32:11.886731+08:00 - 2
2021-09-03T13:32:12.236191+08:00 - 3
2021-09-03T13:32:12.455112+08:00 - 4
2021-09-03T13:32:12.696598+08:00 - 5
2021-09-03T13:33:22.417674+08:00 - y: 2
2021-09-03T13:33:24.142401+08:00 - y: 1
2021-09-03T13:33:24.339559+08:00 - y: 2
2021-09-03T13:33:24.546462+08:00 - y: 2
2021-09-03T13:33:30.907894+08:00 - y: 2
2021-09-03T13:33:32.842546+08:00 - y: 2
2021-09-03T13:33:33.070678+08:00 - y: 2
2021-09-03T13:33:33.263054+08:00 - y: 2
2021-09-03T13:34:29.094399+08:00 - y: 0
2021-09-03T13:34:29.277456+08:00 - y: 0
2021-09-03T13:34:34.178338+08:00 - y: 1
2021-09-03T13:34:38.004428+08:00 - y: 1
2021-09-03T13:34:38.202665+08:00 - y: 1
2021-09-03T13:34:38.379004+08:00 - y: 1
2021-09-03T13:34:38.742374+08:00 - y: 1
2021-09-03T13:39:00.480988+08:00 - y: 1
2021-09-03T13:39:00.709445+08:00 - y: 1
2021-09-03T13:39:07.562958+08:00 - 1
2021-09-03T13:39:07.563248+08:00 - 2
2021-09-03T13:39:07.563462+08:00 - 3
2021-09-03T13:39:07.563755+08:00 - 4
2021-09-03T13:39:07.571023+08:00 - 5
2021-09-03T13:39:09.631807+08:00 - y: 1
2021-09-03T13:39:09.950385+08:00 - y: 1
2021-09-03T13:57:32.773202+08:00 - 5
2021-09-03T13:57:32.773511+08:00 - 6
2021-09-03T13:57:32.773756+08:00 - 7
2021-09-03T13:57:32.774003+08:00 - 8
2021-09-03T13:57:43.348442+08:00 - 4
2021-09-03T13:57:43.348742+08:00 - 5
2021-09-03T13:57:43.348981+08:00 - 6
2021-09-03T13:57:43.349214+08:00 - 7
2021-09-03T13:57:51.087846+08:00 - 5
2021-09-03T13:57:51.088168+08:00 - 6
2021-09-03T13:57:51.088425+08:00 - 7
2021-09-03T13:57:51.092425+08:00 - 8
2021-09-03T13:57:51.092693+08:00 - 9
2021-09-03T13:57:51.092917+08:00 - 10
2021-09-03T13:57:51.098637+08:00 - 11
2021-09-03T13:57:51.099022+08:00 - 12
2021-09-03T13:57:51.099285+08:00 - 13
2021-09-03T14:00:00.405263+08:00 - y: 0
2021-09-03T14:00:00.543532+08:00 - y: 0
2021-09-03T14:00:00.780618+08:00 - y: 0
2021-09-03T14:03:35.975033+08:00 - 4
2021-09-03T14:03:36.186569+08:00 - 5
2021-09-03T14:03:36.397004+08:00 - 6
2021-09-03T14:03:40.431668+08:00 - 4
2021-09-03T14:03:40.431980+08:00 - 5
2021-09-03T14:03:40.432203+08:00 - 6
2021-09-03T14:03:44.001928+08:00 - 7
2021-09-03T14:03:44.002245+08:00 - 8
2021-09-03T14:03:45.665530+08:00 - 9
2021-09-03T14:03:45.665844+08:00 - 10
2021-09-03T14:03:54.053448+08:00 - 3
2021-09-03T14:03:54.053746+08:00 - 4
2021-09-03T14:03:54.053989+08:00 - 5
2021-09-03T14:05:40.870474+08:00 - y: 1
2021-09-03T14:05:41.921869+08:00 - y: 2
2021-09-03T14:07:27.132082+08:00 - y: 1
2021-09-03T14:07:30.852039+08:00 - y: 2
2021-09-03T14:07:40.211423+08:00 - y: 1
2021-09-03T14:07:40.454829+08:00 - y: 2
2021-09-03T14:07:46.812151+08:00 - y: 3
2021-09-03T14:07:50.591767+08:00 - y: 3
2021-09-03T14:07:51.703476+08:00 - y: 3
2021-09-03T14:07:54.881843+08:00 - y: 1
2021-09-03T14:07:55.065732+08:00 - y: 2
2021-09-03T14:07:55.257005+08:00 - y: 3
2021-09-03T14:11:24.272483+08:00 - y: 1
2021-09-03T14:11:44.101701+08:00 - y: 1
2021-09-03T14:14:29.181680+08:00 - y: 1
2021-09-03T14:28:22.595694+08:00 - y: 1
2021-09-03T16:31:26.393708+08:00 - 3
